Using pre-set license
Built from '2020.3/staging' branch; Version is '2020.3.16f1 (049d6eca3c44) revision 302446'; Using compiler version '192528614'; Build Type 'Release'
OS: 'Windows 10 Pro; OS build 19043.1165; Version 2009; 64bit' Language: 'zh' Physical Memory: 32625 MB
BatchMode: 1, IsHumanControllingUs: 0, StartBugReporterOnCrash: 0, Is64bit: 1, IsPro: 0

 COMMAND LINE ARGUMENTS:
C:\Program Files\Unity\Hub\Editor\2020.3.16f1\Editor\Unity.exe
-adb2
-batchMode
-noUpm
-name
AssetImportWorker0
-projectPath
C:/Users/child/Desktop/Unity_HC_WOW_Dinosaur_20210823/3HourGame2DRPG
-logFile
Logs/AssetImportWorker0.log
-srvPort
8676
Successfully changed project path to: C:/Users/child/Desktop/Unity_HC_WOW_Dinosaur_20210823/3HourGame2DRPG
C:/Users/child/Desktop/Unity_HC_WOW_Dinosaur_20210823/3HourGame2DRPG
Using Asset Import Pipeline V2.
Refreshing native plugins compatible for Editor in 57.82 ms, found 3 plugins.
Preloading 0 native plugins for Editor in 0.00 ms.
Initialize engine version: 2020.3.16f1 (049d6eca3c44)
[Subsystems] Discovering subsystems at path C:/Program Files/Unity/Hub/Editor/2020.3.16f1/Editor/Data/Resources/UnitySubsystems
[Subsystems] Discovering subsystems at path C:/Users/child/Desktop/Unity_HC_WOW_Dinosaur_20210823/3HourGame2DRPG/Assets
GfxDevice: creating device client; threaded=0
Direct3D:
    Version:  Direct3D 11.0 [level 11.1]
    Renderer: NVIDIA GeForce RTX 2070 with Max-Q Design (ID=0x1f10)
    Vendor:   
    VRAM:     8031 MB
    Driver:   27.21.14.6275
Initialize mono
Mono path[0] = 'C:/Program Files/Unity/Hub/Editor/2020.3.16f1/Editor/Data/Managed'
Mono path[1] = 'C:/Program Files/Unity/Hub/Editor/2020.3.16f1/Editor/Data/MonoBleedingEdge/lib/mono/unityjit'
Mono config path = 'C:/Program Files/Unity/Hub/Editor/2020.3.16f1/Editor/Data/MonoBleedingEdge/etc'
Using monoOptions --debugger-agent=transport=dt_socket,embedding=1,server=y,suspend=n,address=127.0.0.1:56496
Begin MonoManager ReloadAssembly
Registering precompiled unity dll's ...
Register platform support module: C:/Program Files/Unity/Hub/Editor/2020.3.16f1/Editor/Data/PlaybackEngines/WebGLSupport/UnityEditor.WebGL.Extensions.dll
Register platform support module: C:/Program Files/Unity/Hub/Editor/2020.3.16f1/Editor/Data/PlaybackEngines/WindowsStandaloneSupport/UnityEditor.WindowsStandalone.Extensions.dll
Registered in 0.002891 seconds.
Native extension for WindowsStandalone target not found
Native extension for WebGL target not found
Refreshing native plugins compatible for Editor in 49.73 ms, found 3 plugins.
Preloading 0 native plugins for Editor in 0.00 ms.
Mono: successfully reloaded assembly
- Completed reload, in  2.332 seconds
Domain Reload Profiling:
	ReloadAssembly (2332ms)
		BeginReloadAssembly (65ms)
			ExecutionOrderSort (0ms)
			DisableScriptedObjects (0ms)
			BackupInstance (0ms)
			ReleaseScriptingObjects (0ms)
			CreateAndSetChildDomain (2ms)
		EndReloadAssembly (495ms)
			LoadAssemblies (59ms)
			RebuildTransferFunctionScriptingTraits (0ms)
			SetupTypeCache (195ms)
			ReleaseScriptCaches (0ms)
			RebuildScriptCaches (38ms)
			SetupLoadedEditorAssemblies (183ms)
				LogAssemblyErrors (0ms)
				InitializePlatformSupportModulesInManaged (6ms)
				SetLoadedEditorAssemblies (0ms)
				RefreshPlugins (50ms)
				BeforeProcessingInitializeOnLoad (18ms)
				ProcessInitializeOnLoadAttributes (80ms)
				ProcessInitializeOnLoadMethodAttributes (28ms)
				AfterProcessingInitializeOnLoad (0ms)
				EditorAssembliesLoaded (0ms)
			ExecutionOrderSort2 (0ms)
			AwakeInstancesAfterBackupRestoration (0ms)
Platform modules already initialized, skipping
Registering precompiled user dll's ...
Registered in 0.004874 seconds.
Begin MonoManager ReloadAssembly
Native extension for WindowsStandalone target not found
Native extension for WebGL target not found
Refreshing native plugins compatible for Editor in 59.23 ms, found 3 plugins.
Preloading 0 native plugins for Editor in 0.00 ms.
Mono: successfully reloaded assembly
- Completed reload, in  1.357 seconds
Domain Reload Profiling:
	ReloadAssembly (1358ms)
		BeginReloadAssembly (146ms)
			ExecutionOrderSort (0ms)
			DisableScriptedObjects (5ms)
			BackupInstance (0ms)
			ReleaseScriptingObjects (0ms)
			CreateAndSetChildDomain (19ms)
		EndReloadAssembly (1144ms)
			LoadAssemblies (91ms)
			RebuildTransferFunctionScriptingTraits (0ms)
			SetupTypeCache (361ms)
			ReleaseScriptCaches (0ms)
			RebuildScriptCaches (53ms)
			SetupLoadedEditorAssemblies (482ms)
				LogAssemblyErrors (0ms)
				InitializePlatformSupportModulesInManaged (5ms)
				SetLoadedEditorAssemblies (0ms)
				RefreshPlugins (59ms)
				BeforeProcessingInitializeOnLoad (94ms)
				ProcessInitializeOnLoadAttributes (302ms)
				ProcessInitializeOnLoadMethodAttributes (13ms)
				AfterProcessingInitializeOnLoad (8ms)
				EditorAssembliesLoaded (0ms)
			ExecutionOrderSort2 (0ms)
			AwakeInstancesAfterBackupRestoration (7ms)
Platform modules already initialized, skipping
========================================================================
Worker process is ready to serve import requests
Launched and connected shader compiler UnityShaderCompiler.exe after 0.09 seconds
Refreshing native plugins compatible for Editor in 0.43 ms, found 3 plugins.
Preloading 0 native plugins for Editor in 0.00 ms.
Unloading 2105 Unused Serialized files (Serialized files now loaded: 0)
System memory in use before: 93.6 MB.
System memory in use after: 93.7 MB.

Unloading 28 unused Assets to reduce memory usage. Loaded Objects now: 2545.
Total: 3.488200 ms (FindLiveObjects: 0.244000 ms CreateObjectMapping: 0.092200 ms MarkObjects: 3.050400 ms  DeleteObjects: 0.100500 ms)

AssetImportParameters requested are different than current active one (requested -> active):
  custom:framework-win-MediaFoundation: 216162199b28c13a410421893ffa2e32 -> 
  custom:video-decoder-ogg-theora: a1e56fd34408186e4bbccfd4996cb3dc -> 
  custom:container-muxer-webm: aa71ff27fc2769a1b78a27578f13a17b -> 
  custom:container-demuxer-webm: 4f35f7cbe854078d1ac9338744f61a02 -> 
  custom:container-demuxer-ogg: 62fdf1f143b41e24485cea50d1cbac27 -> 
  custom:video-encoder-webm-vp8: eb34c28f22e8b96e1ab97ce403110664 -> 
  custom:video-codec-MediaFoundation-h265: 746d11721c4dcdbdad8f713fa42b33f4 -> 
  custom:video-decoder-webm-vp8: 9c59270c3fd7afecdb556c50c9e8de78 -> 
  custom:audio-decoder-ogg-vorbis: bf7c407c2cedff20999df2af8eb42d56 -> 
  custom:audio-encoder-webm-vorbis: bf7c407c2cedff20999df2af8eb42d56 -> 
========================================================================
Received Import Request.
  path: Assets/無摩擦力.physicsMaterial2D
  artifactKey: Guid(00e521d460ec38e46bbf9a8a62a39bcb) Importer(815301076,1909f56bfc062723c751e8b465ee728b)
Start importing Assets/無摩擦力.physicsMaterial2D using Guid(00e521d460ec38e46bbf9a8a62a39bcb) Importer(815301076,1909f56bfc062723c751e8b465ee728b)  -> (artifact id: 'f63264c44444e81ecf955327b2b10528') in 0.045106 seconds 
  Import took 0.048095 seconds .

========================================================================
Received Import Request.
  Time since last request: 606.779090 seconds.
  path: Assets/New Project.png
  artifactKey: Guid(e8b76e32f49d7c640a693b4a3447ea4b) Importer(815301076,1909f56bfc062723c751e8b465ee728b)
Start importing Assets/New Project.png using Guid(e8b76e32f49d7c640a693b4a3447ea4b) Importer(815301076,1909f56bfc062723c751e8b465ee728b)  -> (artifact id: '1d692e841c7465ce124d7dc3343c5a29') in 0.109510 seconds 
  Import took 0.114146 seconds .

========================================================================
Received Import Request.
  Time since last request: 8.626859 seconds.
  path: Assets/New Project (1).png
  artifactKey: Guid(d7778e0aac7024d41a5ae7fa27627ae8) Importer(815301076,1909f56bfc062723c751e8b465ee728b)
Start importing Assets/New Project (1).png using Guid(d7778e0aac7024d41a5ae7fa27627ae8) Importer(815301076,1909f56bfc062723c751e8b465ee728b)  -> (artifact id: 'c63ba7192f09ba1f9ec40bd9d8e0d3f9') in 0.029161 seconds 
  Import took 0.033032 seconds .

========================================================================
Received Import Request.
  Time since last request: 29.603478 seconds.
  path: Assets/雪花2.png
  artifactKey: Guid(d7778e0aac7024d41a5ae7fa27627ae8) Importer(815301076,1909f56bfc062723c751e8b465ee728b)
Start importing Assets/雪花2.png using Guid(d7778e0aac7024d41a5ae7fa27627ae8) Importer(815301076,1909f56bfc062723c751e8b465ee728b)  -> (artifact id: 'e805ac75a015bfd6ffc57ef3bc289d17') in 0.029655 seconds 
  Import took 0.033676 seconds .

========================================================================
Received Import Request.
  Time since last request: 3.892005 seconds.
  path: Assets/雪花1.png
  artifactKey: Guid(e8b76e32f49d7c640a693b4a3447ea4b) Importer(815301076,1909f56bfc062723c751e8b465ee728b)
Start importing Assets/雪花1.png using Guid(e8b76e32f49d7c640a693b4a3447ea4b) Importer(815301076,1909f56bfc062723c751e8b465ee728b)  -> (artifact id: '8c2055fd28c8b0ec53e947cf84bd7c52') in 0.035106 seconds 
  Import took 0.042829 seconds .

========================================================================
Received Import Request.
  Time since last request: 123.353571 seconds.
  path: Assets/雪花.mat
  artifactKey: Guid(7dc16abc48dd2e443b1a0a0f44cb077c) Importer(815301076,1909f56bfc062723c751e8b465ee728b)
Start importing Assets/雪花.mat using Guid(7dc16abc48dd2e443b1a0a0f44cb077c) Importer(815301076,1909f56bfc062723c751e8b465ee728b)  -> (artifact id: '47c8a08048fa3052d0a89e7d7842ecd5') in 0.074139 seconds 
  Import took 0.078858 seconds .

========================================================================
Received Import Request.
  Time since last request: 794.584418 seconds.
  path: Assets/雪花.mat
  artifactKey: Guid(7dc16abc48dd2e443b1a0a0f44cb077c) Importer(815301076,1909f56bfc062723c751e8b465ee728b)
Start importing Assets/雪花.mat using Guid(7dc16abc48dd2e443b1a0a0f44cb077c) Importer(815301076,1909f56bfc062723c751e8b465ee728b)  -> (artifact id: '050d314ed55ca7ac30a3de4f59f2ff66') in 0.025782 seconds 
  Import took 0.030326 seconds .

========================================================================
Received Import Request.
  Time since last request: 273.864320 seconds.
  path: Assets/New Material.mat
  artifactKey: Guid(dc1e6183a8d5c27428d81ce6678630c4) Importer(815301076,1909f56bfc062723c751e8b465ee728b)
Start importing Assets/New Material.mat using Guid(dc1e6183a8d5c27428d81ce6678630c4) Importer(815301076,1909f56bfc062723c751e8b465ee728b)  -> (artifact id: 'fb7ef79454428bb004dc8a7c2f9eece5') in 0.019564 seconds 
  Import took 0.025835 seconds .

========================================================================
Received Import Request.
  Time since last request: 48.963984 seconds.
  path: Assets/預製物
  artifactKey: Guid(5bc967531bf867e4cb64bdb0e3b2e888) Importer(815301076,1909f56bfc062723c751e8b465ee728b)
Start importing Assets/預製物 using Guid(5bc967531bf867e4cb64bdb0e3b2e888) Importer(815301076,1909f56bfc062723c751e8b465ee728b)  -> (artifact id: 'a31e3251ea72102818a07fba34c43080') in 0.009625 seconds 
  Import took 0.016018 seconds .

========================================================================
Received Import Request.
  Time since last request: 974.739003 seconds.
  path: Assets/場景/KID 關卡 1.unity
  artifactKey: Guid(dc851ed4516b3fc479780332fa3de1ca) Importer(815301076,1909f56bfc062723c751e8b465ee728b)
Start importing Assets/場景/KID 關卡 1.unity using Guid(dc851ed4516b3fc479780332fa3de1ca) Importer(815301076,1909f56bfc062723c751e8b465ee728b)  -> (artifact id: '7f1c571d6e2e06a41175b29d7d1eb3f5') in 0.008640 seconds 
  Import took 0.013911 seconds .

========================================================================
Received Import Request.
  Time since last request: 14.921660 seconds.
  path: Assets/場景/KID 關卡 2.unity
  artifactKey: Guid(a4104e4e200a3544fb58cf0019e87966) Importer(815301076,1909f56bfc062723c751e8b465ee728b)
Start importing Assets/場景/KID 關卡 2.unity using Guid(a4104e4e200a3544fb58cf0019e87966) Importer(815301076,1909f56bfc062723c751e8b465ee728b)  -> (artifact id: 'd464600a4c499d415c32f193f9556f67') in 0.008353 seconds 
  Import took 0.015640 seconds .

========================================================================
Received Prepare
Registering precompiled user dll's ...
Registered in 0.006403 seconds.
Begin MonoManager ReloadAssembly
Native extension for WindowsStandalone target not found
Native extension for WebGL target not found
Refreshing native plugins compatible for Editor in 0.48 ms, found 3 plugins.
Preloading 0 native plugins for Editor in 0.00 ms.
Mono: successfully reloaded assembly
- Completed reload, in  1.393 seconds
Domain Reload Profiling:
	ReloadAssembly (1394ms)
		BeginReloadAssembly (145ms)
			ExecutionOrderSort (0ms)
			DisableScriptedObjects (8ms)
			BackupInstance (0ms)
			ReleaseScriptingObjects (0ms)
			CreateAndSetChildDomain (46ms)
		EndReloadAssembly (1168ms)
			LoadAssemblies (109ms)
			RebuildTransferFunctionScriptingTraits (0ms)
			SetupTypeCache (368ms)
			ReleaseScriptCaches (1ms)
			RebuildScriptCaches (55ms)
			SetupLoadedEditorAssemblies (489ms)
				LogAssemblyErrors (0ms)
				InitializePlatformSupportModulesInManaged (7ms)
				SetLoadedEditorAssemblies (1ms)
				RefreshPlugins (1ms)
				BeforeProcessingInitializeOnLoad (109ms)
				ProcessInitializeOnLoadAttributes (355ms)
				ProcessInitializeOnLoadMethodAttributes (7ms)
				AfterProcessingInitializeOnLoad (10ms)
				EditorAssembliesLoaded (0ms)
			ExecutionOrderSort2 (0ms)
			AwakeInstancesAfterBackupRestoration (17ms)
Platform modules already initialized, skipping
Refreshing native plugins compatible for Editor in 0.47 ms, found 3 plugins.
Preloading 0 native plugins for Editor in 0.00 ms.
Unloading 2095 Unused Serialized files (Serialized files now loaded: 0)
System memory in use before: 96.5 MB.
System memory in use after: 96.6 MB.

Unloading 16 unused Assets to reduce memory usage. Loaded Objects now: 2591.
Total: 3.574600 ms (FindLiveObjects: 0.314100 ms CreateObjectMapping: 0.109200 ms MarkObjects: 3.105200 ms  DeleteObjects: 0.044800 ms)

AssetImportParameters requested are different than current active one (requested -> active):
  custom:framework-win-MediaFoundation: 216162199b28c13a410421893ffa2e32 -> 
  custom:video-decoder-ogg-theora: a1e56fd34408186e4bbccfd4996cb3dc -> 
  custom:container-muxer-webm: aa71ff27fc2769a1b78a27578f13a17b -> 
  custom:container-demuxer-webm: 4f35f7cbe854078d1ac9338744f61a02 -> 
  custom:container-demuxer-ogg: 62fdf1f143b41e24485cea50d1cbac27 -> 
  custom:video-encoder-webm-vp8: eb34c28f22e8b96e1ab97ce403110664 -> 
  custom:video-codec-MediaFoundation-h265: 746d11721c4dcdbdad8f713fa42b33f4 -> 
  custom:video-decoder-webm-vp8: 9c59270c3fd7afecdb556c50c9e8de78 -> 
  custom:audio-decoder-ogg-vorbis: bf7c407c2cedff20999df2af8eb42d56 -> 
  custom:audio-encoder-webm-vorbis: bf7c407c2cedff20999df2af8eb42d56 -> 
========================================================================
Received Prepare
Refreshing native plugins compatible for Editor in 4.37 ms, found 3 plugins.
Preloading 0 native plugins for Editor in 0.00 ms.
Unloading 14 Unused Serialized files (Serialized files now loaded: 0)
System memory in use before: 55.4 MB.
System memory in use after: 55.5 MB.

Unloading 14 unused Assets to reduce memory usage. Loaded Objects now: 2591.
Total: 3.869500 ms (FindLiveObjects: 0.193900 ms CreateObjectMapping: 0.066700 ms MarkObjects: 3.372300 ms  DeleteObjects: 0.235800 ms)

AssetImportParameters requested are different than current active one (requested -> active):
  custom:framework-win-MediaFoundation: 216162199b28c13a410421893ffa2e32 -> 
  custom:video-decoder-ogg-theora: a1e56fd34408186e4bbccfd4996cb3dc -> 
  custom:container-muxer-webm: aa71ff27fc2769a1b78a27578f13a17b -> 
  custom:container-demuxer-webm: 4f35f7cbe854078d1ac9338744f61a02 -> 
  custom:container-demuxer-ogg: 62fdf1f143b41e24485cea50d1cbac27 -> 
  custom:video-encoder-webm-vp8: eb34c28f22e8b96e1ab97ce403110664 -> 
  custom:video-codec-MediaFoundation-h265: 746d11721c4dcdbdad8f713fa42b33f4 -> 
  custom:video-decoder-webm-vp8: 9c59270c3fd7afecdb556c50c9e8de78 -> 
  custom:audio-decoder-ogg-vorbis: bf7c407c2cedff20999df2af8eb42d56 -> 
  custom:audio-encoder-webm-vorbis: bf7c407c2cedff20999df2af8eb42d56 -> 
========================================================================
Received Prepare
Refreshing native plugins compatible for Editor in 4.11 ms, found 3 plugins.
Preloading 0 native plugins for Editor in 0.00 ms.
Unloading 14 Unused Serialized files (Serialized files now loaded: 0)
System memory in use before: 55.4 MB.
System memory in use after: 55.5 MB.

Unloading 14 unused Assets to reduce memory usage. Loaded Objects now: 2591.
Total: 3.878600 ms (FindLiveObjects: 0.227700 ms CreateObjectMapping: 0.076000 ms MarkObjects: 3.554500 ms  DeleteObjects: 0.019200 ms)

AssetImportParameters requested are different than current active one (requested -> active):
  custom:framework-win-MediaFoundation: 216162199b28c13a410421893ffa2e32 -> 
  custom:video-decoder-ogg-theora: a1e56fd34408186e4bbccfd4996cb3dc -> 
  custom:container-muxer-webm: aa71ff27fc2769a1b78a27578f13a17b -> 
  custom:container-demuxer-webm: 4f35f7cbe854078d1ac9338744f61a02 -> 
  custom:container-demuxer-ogg: 62fdf1f143b41e24485cea50d1cbac27 -> 
  custom:video-encoder-webm-vp8: eb34c28f22e8b96e1ab97ce403110664 -> 
  custom:video-codec-MediaFoundation-h265: 746d11721c4dcdbdad8f713fa42b33f4 -> 
  custom:video-decoder-webm-vp8: 9c59270c3fd7afecdb556c50c9e8de78 -> 
  custom:audio-decoder-ogg-vorbis: bf7c407c2cedff20999df2af8eb42d56 -> 
  custom:audio-encoder-webm-vorbis: bf7c407c2cedff20999df2af8eb42d56 -> 
AssetImportWorkerClient::OnTransportError - code=2 error=End of file
